[11:41:23] ╔══════════════════════════════════════════════════════════╗
[11:41:23] ║  x-user-id (openid) → new-api 账号体系 部署脚本         ║
[11:41:23] ║  启动: 2026-05-25 11:41:23                               ║
[11:41:23] ╚══════════════════════════════════════════════════════════╝
[11:41:23] 
[11:41:23] ━━━━━━━━━━━━━━━━━━━━━━━━━━━━━━━━━━━━━━━━━━━━━━━━
[11:41:23] 📌 预检环境
[11:41:23] ━━━━━━━━━━━━━━━━━━━━━━━━━━━━━━━━━━━━━━━━━━━━━━━━
[11:41:23] ✅ 预检通过 — 工作区干净，go go1.25.1
[11:41:23] 
[11:41:23] ━━━━━━━━━━━━━━━━━━━━━━━━━━━━━━━━━━━━━━━━━━━━━━━━
[11:41:23] 📌 1/3 修改 model/user.go — 新增 GetOrCreateUserByOpenId
[11:41:23] ━━━━━━━━━━━━━━━━━━━━━━━━━━━━━━━━━━━━━━━━━━━━━━━━
[11:41:23] ✅ model/user.go 已更新
[11:41:23] 
[11:41:23] ━━━━━━━━━━━━━━━━━━━━━━━━━━━━━━━━━━━━━━━━━━━━━━━━
[11:41:23] 📌 2/3 修改 controller/token.go — AddToken 注入 x-user-id 逻辑
[11:41:23] ━━━━━━━━━━━━━━━━━━━━━━━━━━━━━━━━━━━━━━━━━━━━━━━━
[11:41:23] ✅ controller/token.go 已更新
[11:41:23] 
[11:41:23] ━━━━━━━━━━━━━━━━━━━━━━━━━━━━━━━━━━━━━━━━━━━━━━━━
[11:41:23] 📌 3/3 数据库迁移 — wechat_id 唯一索引
[11:41:23] ━━━━━━━━━━━━━━━━━━━━━━━━━━━━━━━━━━━━━━━━━━━━━━━━
[11:41:23]   检测到数据库类型: sqlite
[11:41:23]   执行 SQLite 迁移...
[11:41:23]   ⚠ SQLite 文件 new-api.db 不存在，跳过（开发环境可能使用内存数据库）
[11:41:23] 
[11:41:23] ━━━━━━━━━━━━━━━━━━━━━━━━━━━━━━━━━━━━━━━━━━━━━━━━
[11:41:23] 📌 编译验证
[11:41:23] ━━━━━━━━━━━━━━━━━━━━━━━━━━━━━━━━━━━━━━━━━━━━━━━━
[11:41:28] ❌ ERROR: 编译失败:
# github.com/zhuimeng2026-hub/new-api/model
model/user.go:740:4: undefined: sys
model/user.go:745:3: undefined: sys
model/user.go:751:3: undefined: sys
[11:41:28] 
[11:41:28] ━━━━━━━━━━━━━━━━━━━━━━━━━━━━━━━━━━━━━━━━━━━━━━━━
[11:41:28] 📌 回滚代码改动
[11:41:28] ━━━━━━━━━━━━━━━━━━━━━━━━━━━━━━━━━━━━━━━━━━━━━━━━
[11:41:28]   已回滚 model/user.go controller/token.go
[11:41:28] ❌ ERROR: 已自动回滚所有代码改动
